<?xml version="1.0" encoding="UTF-8"?>
<testsuite xmlns:xsi="http://www.w3.org/2001/XMLSchema-instance" xsi:noNamespaceSchemaLocation="https://maven.apache.org/surefire/maven-surefire-plugin/xsd/surefire-test-report-3.0.xsd" version="3.0" name="org.apache.commons.mail.GetMailSessionTest" time="0.0" tests="1" errors="0" skipped="0" failures="0">
  <properties>
    <property name="sun.desktop" value="windows"/>
    <property name="awt.toolkit" value="sun.awt.windows.WToolkit"/>
    <property name="java.specification.version" value="11"/>
    <property name="sun.cpu.isalist" value="amd64"/>
    <property name="sun.jnu.encoding" value="Cp1252"/>
    <property name="java.class.path" value="C:\Users\socia\OneDrive\Documents\GitHub\testci-common-email\commons-email-1.3.2-src\target\test-classes;C:\Users\socia\OneDrive\Documents\GitHub\testci-common-email\commons-email-1.3.2-src\target\classes;C:\Users\socia\.m2\repository\javax\mail\mail\1.4.5\mail-1.4.5.jar;C:\Users\socia\.m2\repository\javax\activation\activation\1.1.1\activation-1.1.1.jar;C:\Users\socia\.m2\repository\junit\junit\4.11\junit-4.11.jar;C:\Users\socia\.m2\repository\org\hamcrest\hamcrest-core\1.3\hamcrest-core-1.3.jar;C:\Users\socia\.m2\repository\commons-io\commons-io\2.2\commons-io-2.2.jar;C:\Users\socia\.m2\repository\org\subethamail\subethasmtp\3.1.7\subethasmtp-3.1.7.jar;C:\Users\socia\.m2\repository\org\slf4j\slf4j-api\1.6.1\slf4j-api-1.6.1.jar;C:\Users\socia\.m2\repository\com\google\code\findbugs\jsr305\1.3.9\jsr305-1.3.9.jar;C:\Users\socia\.m2\repository\org\powermock\powermock-module-junit4\1.4.12\powermock-module-junit4-1.4.12.jar;C:\Users\socia\.m2\repository\org\powermock\powermock-module-junit4-common\1.4.12\powermock-module-junit4-common-1.4.12.jar;C:\Users\socia\.m2\repository\org\powermock\powermock-core\1.4.12\powermock-core-1.4.12.jar;C:\Users\socia\.m2\repository\org\javassist\javassist\3.16.1-GA\javassist-3.16.1-GA.jar;C:\Users\socia\.m2\repository\org\powermock\powermock-reflect\1.4.12\powermock-reflect-1.4.12.jar;C:\Users\socia\.m2\repository\org\powermock\powermock-api-easymock\1.4.12\powermock-api-easymock-1.4.12.jar;C:\Users\socia\.m2\repository\org\powermock\powermock-api-support\1.4.12\powermock-api-support-1.4.12.jar;C:\Users\socia\.m2\repository\org\easymock\easymock\3.1\easymock-3.1.jar;C:\Users\socia\.m2\repository\cglib\cglib-nodep\2.2.2\cglib-nodep-2.2.2.jar;C:\Users\socia\.m2\repository\org\objenesis\objenesis\1.2\objenesis-1.2.jar;C:\Users\socia\.m2\repository\org\slf4j\slf4j-jdk14\1.6.1\slf4j-jdk14-1.6.1.jar;"/>
    <property name="java.vm.vendor" value="Oracle Corporation"/>
    <property name="sun.arch.data.model" value="64"/>
    <property name="user.variant" value=""/>
    <property name="java.vendor.url" value="https://openjdk.java.net/"/>
    <property name="user.timezone" value="America/New_York"/>
    <property name="java.vm.specification.version" value="11"/>
    <property name="os.name" value="Windows 11"/>
    <property name="sun.java.launcher" value="SUN_STANDARD"/>
    <property name="user.country" value="US"/>
    <property name="sun.boot.library.path" value="C:\Program Files\Java\jdk-11\bin"/>
    <property name="sun.java.command" value="C:\Users\socia\AppData\Local\Temp\surefire12276884435287621241\surefirebooter-20250414225713872_3.jar C:\Users\socia\AppData\Local\Temp\surefire12276884435287621241 2025-04-14T22-57-13_603-jvmRun1 surefire-20250414225713872_1tmp surefire_0-20250414225713872_2tmp"/>
    <property name="jdk.debug" value="release"/>
    <property name="surefire.test.class.path" value="C:\Users\socia\OneDrive\Documents\GitHub\testci-common-email\commons-email-1.3.2-src\target\test-classes;C:\Users\socia\OneDrive\Documents\GitHub\testci-common-email\commons-email-1.3.2-src\target\classes;C:\Users\socia\.m2\repository\javax\mail\mail\1.4.5\mail-1.4.5.jar;C:\Users\socia\.m2\repository\javax\activation\activation\1.1.1\activation-1.1.1.jar;C:\Users\socia\.m2\repository\junit\junit\4.11\junit-4.11.jar;C:\Users\socia\.m2\repository\org\hamcrest\hamcrest-core\1.3\hamcrest-core-1.3.jar;C:\Users\socia\.m2\repository\commons-io\commons-io\2.2\commons-io-2.2.jar;C:\Users\socia\.m2\repository\org\subethamail\subethasmtp\3.1.7\subethasmtp-3.1.7.jar;C:\Users\socia\.m2\repository\org\slf4j\slf4j-api\1.6.1\slf4j-api-1.6.1.jar;C:\Users\socia\.m2\repository\com\google\code\findbugs\jsr305\1.3.9\jsr305-1.3.9.jar;C:\Users\socia\.m2\repository\org\powermock\powermock-module-junit4\1.4.12\powermock-module-junit4-1.4.12.jar;C:\Users\socia\.m2\repository\org\powermock\powermock-module-junit4-common\1.4.12\powermock-module-junit4-common-1.4.12.jar;C:\Users\socia\.m2\repository\org\powermock\powermock-core\1.4.12\powermock-core-1.4.12.jar;C:\Users\socia\.m2\repository\org\javassist\javassist\3.16.1-GA\javassist-3.16.1-GA.jar;C:\Users\socia\.m2\repository\org\powermock\powermock-reflect\1.4.12\powermock-reflect-1.4.12.jar;C:\Users\socia\.m2\repository\org\powermock\powermock-api-easymock\1.4.12\powermock-api-easymock-1.4.12.jar;C:\Users\socia\.m2\repository\org\powermock\powermock-api-support\1.4.12\powermock-api-support-1.4.12.jar;C:\Users\socia\.m2\repository\org\easymock\easymock\3.1\easymock-3.1.jar;C:\Users\socia\.m2\repository\cglib\cglib-nodep\2.2.2\cglib-nodep-2.2.2.jar;C:\Users\socia\.m2\repository\org\objenesis\objenesis\1.2\objenesis-1.2.jar;C:\Users\socia\.m2\repository\org\slf4j\slf4j-jdk14\1.6.1\slf4j-jdk14-1.6.1.jar;"/>
    <property name="sun.cpu.endian" value="little"/>
    <property name="user.home" value="C:\Users\socia"/>
    <property name="user.language" value="en"/>
    <property name="java.specification.vendor" value="Oracle Corporation"/>
    <property name="java.version.date" value="2025-01-21"/>
    <property name="java.home" value="C:\Program Files\Java\jdk-11"/>
    <property name="file.separator" value="\"/>
    <property name="basedir" value="C:\Users\socia\OneDrive\Documents\GitHub\testci-common-email\commons-email-1.3.2-src"/>
    <property name="java.vm.compressedOopsMode" value="Zero based"/>
    <property name="line.separator" value="&#10;"/>
    <property name="java.specification.name" value="Java Platform API Specification"/>
    <property name="java.vm.specification.vendor" value="Oracle Corporation"/>
    <property name="java.awt.graphicsenv" value="sun.awt.Win32GraphicsEnvironment"/>
    <property name="surefire.real.class.path" value="C:\Users\socia\AppData\Local\Temp\surefire12276884435287621241\surefirebooter-20250414225713872_3.jar"/>
    <property name="user.script" value=""/>
    <property name="sun.management.compiler" value="HotSpot 64-Bit Tiered Compilers"/>
    <property name="java.runtime.version" value="11.0.26+7-LTS-187"/>
    <property name="user.name" value="socia"/>
    <property name="path.separator" value=";"/>
    <property name="os.version" value="10.0"/>
    <property name="java.runtime.name" value="Java(TM) SE Runtime Environment"/>
    <property name="file.encoding" value="Cp1252"/>
    <property name="java.vm.name" value="Java HotSpot(TM) 64-Bit Server VM"/>
    <property name="java.vendor.version" value="18.9"/>
    <property name="localRepository" value="C:\Users\socia\.m2\repository"/>
    <property name="java.vendor.url.bug" value="https://bugreport.java.com/bugreport/"/>
    <property name="java.io.tmpdir" value="C:\Users\socia\AppData\Local\Temp\"/>
    <property name="java.version" value="11.0.26"/>
    <property name="user.dir" value="C:\Users\socia\OneDrive\Documents\GitHub\testci-common-email\commons-email-1.3.2-src"/>
    <property name="os.arch" value="amd64"/>
    <property name="java.vm.specification.name" value="Java Virtual Machine Specification"/>
    <property name="java.awt.printerjob" value="sun.awt.windows.WPrinterJob"/>
    <property name="sun.os.patch.level" value=""/>
    <property name="java.library.path" value="C:\Program Files\Java\jdk-11\bin;C:\WINDOWS\Sun\Java\bin;C:\WINDOWS\system32;C:\WINDOWS;C:\Program Files\Common Files\Oracle\Java\javapath;C:\Program Files (x86)\Common Files\Oracle\Java\java8path;C:\Program Files (x86)\Common Files\Oracle\Java\javapath;C:\Program Files\Eclipse Adoptium\jre-17.0.13.11-hotspot\bin;C:\Program Files\Oculus\Support\oculus-runtime;C:\Windows\system32;C:\Windows;C:\Windows\System32\Wbem;C:\Windows\System32\WindowsPowerShell\v1.0\;C:\Windows\System32\OpenSSH\;C:\Program Files\dotnet\;C:\Program Files (x86)\NVIDIA Corporation\PhysX\Common;C:\Program Files (x86)\Windows Kits\10\Windows Performance Toolkit\;C:\Program Files\Docker\Docker\resources\bin;C:\Program Files\Git\cmd;C:\Program Files\nodejs\;C:\ffmpeg\;C:\Program Files (x86)\Microsoft SQL Server\160\Tools\Binn\;C:\Program Files\Microsoft SQL Server\160\Tools\Binn\;C:\Program Files\Microsoft SQL Server\Client SDK\ODBC\170\Tools\Binn\;C:\Program Files\Microsoft SQL Server\160\DTS\Binn\;C:\Program Files (x86)\Microsoft SQL Server\160\DTS\Binn\;C:\WINDOWS\system32;C:\WINDOWS;C:\WINDOWS\System32\Wbem;C:\WINDOWS\System32\WindowsPowerShell\v1.0\;C:\WINDOWS\System32\OpenSSH\;C:\Program Files\NVIDIA Corporation\NVIDIA app\NvDLISR;C:\Program Files (x86)\Bitvise SSH Client;C:\Program Files\Sunshine;C:\Program Files\Sunshine\tools;C:\Program Files\MySQL\MySQL Shell 8.0\bin\;C:\Users\socia\AppData\Local\Microsoft\WindowsApps;C:\Users\socia\AppData\Local\Programs\Microsoft VS Code\bin;C:\Users\socia\AppData\Local\GitHubDesktop\bin;C:\Users\socia\AppData\Roaming\npm;C:\Users\socia\AppData\Local\Programs\cursor\resources\app\bin;C:\Users\socia\AppData\Local\Programs\Ollama;C:\Users\socia\AppData\Local\Programs\Windsurf\bin;C:\Program Files\Apache\Maven\apache-maven-3.9.9\bin;;."/>
    <property name="java.vendor" value="Oracle Corporation"/>
    <property name="java.vm.info" value="mixed mode"/>
    <property name="java.vm.version" value="11.0.26+7-LTS-187"/>
    <property name="java.specification.maintenance.version" value="3"/>
    <property name="sun.io.unicode.encoding" value="UnicodeLittle"/>
    <property name="java.class.version" value="55.0"/>
  </properties>
  <testcase name="testGetMailSession" classname="org.apache.commons.mail.GetMailSessionTest" time="0.0"/>
</testsuite>